<?xml version="1.0" encoding="UTF-8"?>
<!-- Generated by org.testng.reporters.JUnitReportReporter -->
<testsuite hostname="DESKTOP-VI3Q0U3" failures="0" tests="1" name="compassion.Login2" time="99.577" errors="1" timestamp="2023-07-28T16:11:42 IST" skipped="0">
  <testcase classname="compassion.Login2" name="login2" time="99.577">
    <error message="Expected condition failed: waiting for visibility of all elements located by By.id: edtUsername (tried for 80 second(s) with 500 milliseconds interval)
Build info: version: &#039;4.10.0&#039;, revision: &#039;c14d967899&#039;
System info: os.name: &#039;Windows 10&#039;, os.arch: &#039;amd64&#039;, os.version: &#039;10.0&#039;, java.version: &#039;11.0.18&#039;
Driver info: io.appium.java_client.android.AndroidDriver
Capabilities {appium:appActivity: com.geecon.compassionuk.act..., appium:appPackage: com.geecon.compassionuk_dev, appium:databaseEnabled: false, appium:desired: {appActivity: com.geecon.compassionuk.act..., appPackage: com.geecon.compassionuk_dev, deviceName: 7D49KFHYKJCMRKBU, platformName: ANDROID}, appium:deviceApiLevel: 33, appium:deviceManufacturer: OnePlus, appium:deviceModel: IV2201, appium:deviceName: 7D49KFHYKJCMRKBU, appium:deviceScreenDensity: 480, appium:deviceScreenSize: 1080x2400, appium:deviceUDID: 7D49KFHYKJCMRKBU, appium:javascriptEnabled: true, appium:locationContextEnabled: false, appium:networkConnectionEnabled: true, appium:pixelRatio: 3, appium:platformVersion: 13, appium:statBarHeight: 107, appium:takesScreenshot: true, appium:viewportRect: {height: 2054, left: 0, top: 107, width: 1080}, appium:warnings: {}, appium:webStorageEnabled: false, platformName: ANDROID}
Session ID: a872ca8f-a252-4a68-a5ac-8960b46d13ed" type="org.openqa.selenium.TimeoutException">
      <![CDATA[org.openqa.selenium.TimeoutException: Expected condition failed: waiting for visibility of all elements located by By.id: edtUsername (tried for 80 second(s) with 500 milliseconds interval)
Build info: version: '4.10.0', revision: 'c14d967899'
System info: os.name: 'Windows 10', os.arch: 'amd64', os.version: '10.0', java.version: '11.0.18'
Driver info: io.appium.java_client.android.AndroidDriver
Capabilities {appium:appActivity: com.geecon.compassionuk.act..., appium:appPackage: com.geecon.compassionuk_dev, appium:databaseEnabled: false, appium:desired: {appActivity: com.geecon.compassionuk.act..., appPackage: com.geecon.compassionuk_dev, deviceName: 7D49KFHYKJCMRKBU, platformName: ANDROID}, appium:deviceApiLevel: 33, appium:deviceManufacturer: OnePlus, appium:deviceModel: IV2201, appium:deviceName: 7D49KFHYKJCMRKBU, appium:deviceScreenDensity: 480, appium:deviceScreenSize: 1080x2400, appium:deviceUDID: 7D49KFHYKJCMRKBU, appium:javascriptEnabled: true, appium:locationContextEnabled: false, appium:networkConnectionEnabled: true, appium:pixelRatio: 3, appium:platformVersion: 13, appium:statBarHeight: 107, appium:takesScreenshot: true, appium:viewportRect: {height: 2054, left: 0, top: 107, width: 1080}, appium:warnings: {}, appium:webStorageEnabled: false, platformName: ANDROID}
Session ID: a872ca8f-a252-4a68-a5ac-8960b46d13ed
at org.openqa.selenium.support.ui.WebDriverWait.timeoutException(WebDriverWait.java:84)
at org.openqa.selenium.support.ui.FluentWait.until(FluentWait.java:230)
at compassion.BaseClassCUK.Forget_Username_Password(BaseClassCUK.java:169)
at compassion.Login2.login2(Login2.java:20)
at java.base/jdk.internal.reflect.NativeMethodAccessorImpl.invoke0(Native Method)
at java.base/jdk.internal.reflect.NativeMethodAccessorImpl.invoke(NativeMethodAccessorImpl.java:62)
at java.base/jdk.internal.reflect.DelegatingMethodAccessorImpl.invoke(DelegatingMethodAccessorImpl.java:43)
at java.base/java.lang.reflect.Method.invoke(Method.java:566)
at org.testng.internal.MethodInvocationHelper.invokeMethod(MethodInvocationHelper.java:134)
at org.testng.internal.TestInvoker.invokeMethod(TestInvoker.java:597)
at org.testng.internal.TestInvoker.invokeTestMethod(TestInvoker.java:173)
at org.testng.internal.MethodRunner.runInSequence(MethodRunner.java:46)
at org.testng.internal.TestInvoker$MethodInvocationAgent.invoke(TestInvoker.java:816)
at org.testng.internal.TestInvoker.invokeTestMethods(TestInvoker.java:146)
at org.testng.internal.TestMethodWorker.invokeTestMethods(TestMethodWorker.java:146)
at org.testng.internal.TestMethodWorker.run(TestMethodWorker.java:128)
at java.base/java.util.ArrayList.forEach(ArrayList.java:1541)
at org.testng.TestRunner.privateRun(TestRunner.java:766)
at org.testng.TestRunner.run(TestRunner.java:587)
at org.testng.SuiteRunner.runTest(SuiteRunner.java:384)
at org.testng.SuiteRunner.runSequentially(SuiteRunner.java:378)
at org.testng.SuiteRunner.privateRun(SuiteRunner.java:337)
at org.testng.SuiteRunner.run(SuiteRunner.java:286)
at org.testng.SuiteRunnerWorker.runSuite(SuiteRunnerWorker.java:53)
at org.testng.SuiteRunnerWorker.run(SuiteRunnerWorker.java:96)
at org.testng.TestNG.runSuitesSequentially(TestNG.java:1187)
at org.testng.TestNG.runSuitesLocally(TestNG.java:1109)
at org.testng.TestNG.runSuites(TestNG.java:1039)
at org.testng.TestNG.run(TestNG.java:1007)
at org.testng.remote.AbstractRemoteTestNG.run(AbstractRemoteTestNG.java:115)
at org.testng.remote.RemoteTestNG.initAndRun(RemoteTestNG.java:251)
at org.testng.remote.RemoteTestNG.main(RemoteTestNG.java:77)
]]>
    </error>
  </testcase> <!-- login2 -->
  <system-out/>
</testsuite> <!-- compassion.Login2 -->
