<?xml version="1.0" encoding="UTF-8"?>
<!-- Generated by org.testng.reporters.JUnitReportReporter -->
<testsuite hostname="DESKTOP-VI3Q0U3" failures="0" tests="1" name="compassion.Forget_Username_Password" time="74.500" errors="0" timestamp="2023-08-01T16:39:16 IST" skipped="0">
  <testcase classname="compassion.Forget_Username_Password" name="Forget_username_password" time="74.500"/>
  <system-out/>
</testsuite> <!-- compassion.Forget_Username_Password -->
